Flow report for bike
Wed Jan 09 15:47:42 2019
Quartus II Version 8.0 Build 215 05/29/2008 SJ Full Version


---------------------
; Table of Contents ;
---------------------
  1. Legal Notice
  2. Flow Summary
  3. Flow Settings
  4. Flow Non-Default Global Settings
  5. Flow Elapsed Time
  6. Flow Log



----------------
; Legal Notice ;
----------------
Copyright (C) 1991-2008 Altera Corporation
Your use of Altera Corporation's design tools, logic functions 
and other software and tools, and its AMPP partner logic 
functions, and any output files from any of the foregoing 
(including device programming or simulation files), and any 
associated documentation or information are expressly subject 
to the terms and conditions of the Altera Program License 
Subscription Agreement, Altera MegaCore Function License 
Agreement, or other applicable license agreement, including, 
without limitation, that your use is for the sole purpose of 
programming logic devices manufactured by Altera and sold by 
Altera or its authorized distributors.  Please refer to the 
applicable agreement for further details.



+-------------------------------------------------------------------------------+
; Flow Summary                                                                  ;
+------------------------------------+------------------------------------------+
; Flow Status                        ; Successful - Wed Jan 09 15:47:31 2019    ;
; Quartus II Version                 ; 8.0 Build 215 05/29/2008 SJ Full Version ;
; Revision Name                      ; bike                                     ;
; Top-level Entity Name              ; Block1                                   ;
; Family                             ; Cyclone III                              ;
; Device                             ; EP3C55F484C8                             ;
; Timing Models                      ; Final                                    ;
; Met timing requirements            ; N/A                                      ;
; Total logic elements               ; 3,028 / 55,856 ( 5 % )                   ;
;     Total combinational functions  ; 3,027 / 55,856 ( 5 % )                   ;
;     Dedicated logic registers      ; 294 / 55,856 ( < 1 % )                   ;
; Total registers                    ; 294                                      ;
; Total pins                         ; 30 / 328 ( 9 % )                         ;
; Total virtual pins                 ; 0                                        ;
; Total memory bits                  ; 0 / 2,396,160 ( 0 % )                    ;
; Embedded Multiplier 9-bit elements ; 0 / 312 ( 0 % )                          ;
; Total PLLs                         ; 0 / 4 ( 0 % )                            ;
+------------------------------------+------------------------------------------+


+-----------------------------------------+
; Flow Settings                           ;
+-------------------+---------------------+
; Option            ; Setting             ;
+-------------------+---------------------+
; Start date & time ; 01/09/2019 15:46:38 ;
; Main task         ; Compilation         ;
; Revision Name     ; bike                ;
+-------------------+---------------------+


+-----------------------------------------------------------------------------------------------------------------+
; Flow Non-Default Global Settings                                                                                ;
+------------------------------------+---------------------------------+---------------+-------------+------------+
; Assignment Name                    ; Value                           ; Default Value ; Entity Name ; Section Id ;
+------------------------------------+---------------------------------+---------------+-------------+------------+
; COMPILER_SIGNATURE_ID              ; 123532103561102.154701999806168 ; --            ; --          ; --         ;
; ENABLE_ADVANCED_IO_TIMING          ; On                              ; --            ; --          ; --         ;
; MAX_CORE_JUNCTION_TEMP             ; 85                              ; --            ; --          ; --         ;
; MIN_CORE_JUNCTION_TEMP             ; 0                               ; --            ; --          ; --         ;
; NOMINAL_CORE_SUPPLY_VOLTAGE        ; 1.2V                            ; --            ; --          ; --         ;
; PARTITION_COLOR                    ; 14622752                        ; --            ; Block1      ; Top        ;
; PARTITION_NETLIST_TYPE             ; SOURCE                          ; --            ; Block1      ; Top        ;
; TOP_LEVEL_ENTITY                   ; Block1                          ; bike          ; --          ; --         ;
; USE_GENERATED_PHYSICAL_CONSTRAINTS ; Off                             ; --            ; --          ; eda_palace ;
+------------------------------------+---------------------------------+---------------+-------------+------------+


+-------------------------------------------------------------------------------------------------------------------------------+
; Flow Elapsed Time                                                                                                             ;
+---------------------------+--------------+-------------------------+---------------------+------------------------------------+
; Module Name               ; Elapsed Time ; Average Processors Used ; Peak Virtual Memory ; Total CPU Time (on all processors) ;
+---------------------------+--------------+-------------------------+---------------------+------------------------------------+
; Analysis & Synthesis      ; 00:00:17     ; 1.0                     ; 281 MB              ; 00:00:17                           ;
; Fitter                    ; 00:00:23     ; 1.0                     ; 406 MB              ; 00:00:23                           ;
; Assembler                 ; 00:00:07     ; 1.0                     ; 361 MB              ; 00:00:07                           ;
; TimeQuest Timing Analyzer ; 00:00:09     ; 1.0                     ; 328 MB              ; 00:00:09                           ;
; Total                     ; 00:00:56     ; --                      ; --                  ; 00:00:56                           ;
+---------------------------+--------------+-------------------------+---------------------+------------------------------------+


------------
; Flow Log ;
------------
quartus_map --read_settings_files=on --write_settings_files=off bike -c bike
quartus_fit --read_settings_files=off --write_settings_files=off bike -c bike
quartus_asm --read_settings_files=off --write_settings_files=off bike -c bike
quartus_sta bike -c bike



